\BOOKMARK [1][-]{section.1}{Introduction}{}
\BOOKMARK [1][-]{section.2}{What Amelia Does}{}
\BOOKMARK [1][-]{section.3}{Versions of Amelia}{}
\BOOKMARK [1][-]{section.4}{Installation and Updates}{}
\BOOKMARK [2][-]{subsection.4.1}{Windows --- AmeliaView}{section.4}
\BOOKMARK [2][-]{subsection.4.2}{Windows --- Amelia II for R}{section.4}
\BOOKMARK [2][-]{subsection.4.3}{Linux}{section.4}
\BOOKMARK [1][-]{section.5}{Program Overview}{}
\BOOKMARK [2][-]{subsection.5.1}{AmeliaView}{section.5}
\BOOKMARK [2][-]{subsection.5.2}{Amelia for R}{section.5}
\BOOKMARK [1][-]{section.6}{Data Input and Output}{}
\BOOKMARK [2][-]{subsection.6.1}{AmeliaView}{section.6}
\BOOKMARK [2][-]{subsection.6.2}{Amelia for R}{section.6}
\BOOKMARK [1][-]{section.7}{Options}{}
\BOOKMARK [2][-]{subsection.7.1}{Screen Output}{section.7}
\BOOKMARK [2][-]{subsection.7.2}{Transformations of Variables}{section.7}
\BOOKMARK [3][-]{subsubsection.7.2.1}{Ordinal}{subsection.7.2}
\BOOKMARK [3][-]{subsubsection.7.2.2}{Nominal}{subsection.7.2}
\BOOKMARK [3][-]{subsubsection.7.2.3}{Natural Log}{subsection.7.2}
\BOOKMARK [3][-]{subsubsection.7.2.4}{Square Root}{subsection.7.2}
\BOOKMARK [3][-]{subsubsection.7.2.5}{Logistic}{subsection.7.2}
\BOOKMARK [2][-]{subsection.7.3}{Identification Variables}{section.7}
\BOOKMARK [2][-]{subsection.7.4}{Time Series, or Time Series Cross Sectional Data}{section.7}
\BOOKMARK [1][-]{section.8}{Setting Priors}{}
\BOOKMARK [2][-]{subsection.8.1}{Empirical \(Ridge\) Priors for High Missingness, Small n's, or Large Correlations}{section.8}
\BOOKMARK [2][-]{subsection.8.2}{Observation-level priors}{section.8}
\BOOKMARK [1][-]{section.9}{Diagnostics}{}
\BOOKMARK [2][-]{subsection.9.1}{Compare}{section.9}
\BOOKMARK [2][-]{subsection.9.2}{Overimpute}{section.9}
\BOOKMARK [2][-]{subsection.9.3}{Overdispersed Starting Values}{section.9}
\BOOKMARK [1][-]{section.10}{Sessions}{}
\BOOKMARK [1][-]{section.11}{Error Checking and Reference Guide}{}
\BOOKMARK [2][-]{subsection.11.1}{Error Code Reference}{section.11}
\BOOKMARK [1][-]{section.12}{Command Line Argument Reference}{}
\BOOKMARK [2][-]{subsection.12.1}{amelia: Multiple Imputation of Incomplete Data}{section.12}
\BOOKMARK [1][-]{section.13}{AmeliaView Menu Guide}{}
\BOOKMARK [2][-]{subsection.13.1}{Step 1 - Input}{section.13}
\BOOKMARK [2][-]{subsection.13.2}{Step 2 - Options}{section.13}
\BOOKMARK [3][-]{subsubsection.13.2.1}{Variables Dialog}{subsection.13.2}
\BOOKMARK [3][-]{subsubsection.13.2.2}{Time Series Cross Sectional Dialog}{subsection.13.2}
\BOOKMARK [3][-]{subsubsection.13.2.3}{Priors Dialog}{subsection.13.2}
\BOOKMARK [3][-]{subsubsection.13.2.4}{Case Priors}{subsection.13.2}
\BOOKMARK [3][-]{subsubsection.13.2.5}{Observational Priors}{subsection.13.2}
\BOOKMARK [3][-]{subsubsection.13.2.6}{Add Distribution Prior}{subsection.13.2}
\BOOKMARK [3][-]{subsubsection.13.2.7}{Add Range Prior}{subsection.13.2}
\BOOKMARK [2][-]{subsection.13.3}{Step 3 - Output}{section.13}
\BOOKMARK [3][-]{subsubsection.13.3.1}{Diagnostics Dialog}{subsection.13.3}
